<?xml version="1.0" encoding="UTF-8"?>
<testsuite xmlns:xsi="http://www.w3.org/2001/XMLSchema-instance" xsi:schemaLocation="https://maven.apache.org/surefire/maven-surefire-plugin/xsd/surefire-test-report.xsd" name="org.opengis.cite.ogcapiedr10.util.VerifyXMLUtils" time="0.407" tests="9" errors="0" skipped="0" failures="0">
  <properties>
[...]
</properties>
  <testcase name="evaluateXPathExpression_booleanResult" classname="org.opengis.cite.ogcapiedr10.util.VerifyXMLUtils" time="0.11"/>
  <testcase name="evaluateXPathExpression_match" classname="org.opengis.cite.ogcapiedr10.util.VerifyXMLUtils" time="0.007"/>
  <testcase name="evaluateXPath2ExpressionAgainstDocument" classname="org.opengis.cite.ogcapiedr10.util.VerifyXMLUtils" time="0.241"/>
  <testcase name="evaluateXPathExpression_noMatch" classname="org.opengis.cite.ogcapiedr10.util.VerifyXMLUtils" time="0.004"/>
  <testcase name="expandCharacterEntity" classname="org.opengis.cite.ogcapiedr10.util.VerifyXMLUtils" time="0.016"/>
  <testcase name="writeDocToString" classname="org.opengis.cite.ogcapiedr10.util.VerifyXMLUtils" time="0.02"/>
  <testcase name="evaluateXPath2ExpressionAgainstElement" classname="org.opengis.cite.ogcapiedr10.util.VerifyXMLUtils" time="0.003"/>
  <testcase name="createElement_Alpha" classname="org.opengis.cite.ogcapiedr10.util.VerifyXMLUtils" time="0.001"/>
  <testcase name="expandNumericCharacterReference" classname="org.opengis.cite.ogcapiedr10.util.VerifyXMLUtils" time="0.001"/>
</testsuite>